2026-06-08 21:21:42 INFO  TC001_AccountRegistrationTest:15 - Strating TC_001_AccountRegistrationtTest
2026-06-08 21:21:43 INFO  TC001_AccountRegistrationTest:19 - Clicked on My Account 
2026-06-08 21:21:45 INFO  TC001_AccountRegistrationTest:22 - Clicked on Register 
2026-06-08 21:21:45 INFO  TC001_AccountRegistrationTest:27 - Provided First Name 
2026-06-08 21:21:46 INFO  TC001_AccountRegistrationTest:30 - Provided Last Name 
2026-06-08 21:21:46 INFO  TC001_AccountRegistrationTest:34 - Provided Email 
2026-06-08 21:21:46 INFO  TC001_AccountRegistrationTest:37 - Provided Telephone 
2026-06-08 21:21:46 INFO  TC001_AccountRegistrationTest:40 - Provided Password 
2026-06-08 21:21:47 INFO  TC001_AccountRegistrationTest:43 - Provided Confrmed Password 
2026-06-08 21:21:47 INFO  TC001_AccountRegistrationTest:46 - Set Privacy Policy 
2026-06-08 21:21:48 INFO  TC001_AccountRegistrationTest:49 - Clicked on Continue 
2026-06-08 21:21:51 INFO  TC001_AccountRegistrationTest:61 - Finished TC_001_AccountRegistrationtTest
2026-06-08 21:21:57 INFO  TC002_LoginTest:17 - **** Starting TC_002_LoginTest  ****
2026-06-08 21:21:57 INFO  TC002_LoginTest:24 - clicked on myaccount link on the home page..
2026-06-08 21:21:58 INFO  TC002_LoginTest:26 - clicked on login link under myaccount..
2026-06-08 21:21:58 INFO  TC002_LoginTest:30 - Entering valid email and password..
2026-06-08 21:22:00 INFO  TC002_LoginTest:34 - clicked on ligin button..
2026-06-08 21:22:00 INFO  TC002_LoginTest:48 - **** Finished TC_002_LoginTest  ****
2026-06-08 21:42:49 INFO  TC001_AccountRegistrationTest:15 - Strating TC_001_AccountRegistrationtTest
2026-06-08 21:42:50 INFO  TC001_AccountRegistrationTest:19 - Clicked on My Account 
2026-06-08 21:42:51 INFO  TC001_AccountRegistrationTest:22 - Clicked on Register 
2026-06-08 21:42:51 INFO  TC001_AccountRegistrationTest:27 - Provided First Name 
2026-06-08 21:42:52 INFO  TC001_AccountRegistrationTest:30 - Provided Last Name 
2026-06-08 21:42:52 INFO  TC001_AccountRegistrationTest:34 - Provided Email 
2026-06-08 21:42:52 INFO  TC001_AccountRegistrationTest:37 - Provided Telephone 
2026-06-08 21:42:52 INFO  TC001_AccountRegistrationTest:40 - Provided Password 
2026-06-08 21:42:52 INFO  TC001_AccountRegistrationTest:43 - Provided Confrmed Password 
2026-06-08 21:42:53 INFO  TC001_AccountRegistrationTest:46 - Set Privacy Policy 
2026-06-08 21:42:56 INFO  TC001_AccountRegistrationTest:49 - Clicked on Continue 
2026-06-08 21:42:58 INFO  TC001_AccountRegistrationTest:61 - Finished TC_001_AccountRegistrationtTest
2026-06-08 21:43:03 INFO  TC002_LoginTest:17 - **** Starting TC_002_LoginTest  ****
2026-06-08 21:43:04 INFO  TC002_LoginTest:24 - clicked on myaccount link on the home page..
2026-06-08 21:43:06 INFO  TC002_LoginTest:26 - clicked on login link under myaccount..
2026-06-08 21:43:06 INFO  TC002_LoginTest:30 - Entering valid email and password..
2026-06-08 21:43:07 INFO  TC002_LoginTest:34 - clicked on ligin button..
2026-06-08 21:43:08 INFO  TC002_LoginTest:48 - **** Finished TC_002_LoginTest  ****
